<?xml version="1.0" encoding="UTF-8"?>
<testsuite name="JobTest$JobAPITest" tests="1" skipped="0" failures="0" errors="0" timestamp="2021-09-30T02:54:32" hostname="ZANZA" time="0.363">
  <properties/>
  <testcase name="testHTTPGetJobsEndPoint()" classname="JobTest$JobAPITest" time="0.363"/>
  <system-out><![CDATA[]]></system-out>
  <system-err><![CDATA[]]></system-err>
</testsuite>
