<?xml version="1.0" encoding="UTF-8"?>
<testsuite name="EmployerTest$EmployerORMLiteDaoTest" tests="17" skipped="0" failures="0" errors="0" timestamp="2021-09-29T03:28:31" hostname="Aryamans-MacBook-Pro.local" time="0.229">
  <properties/>
  <testcase name="testInsertEmployerIDEnteredManuallyNotTheSameAsInTable()" classname="EmployerTest$EmployerORMLiteDaoTest" time="0.048"/>
  <testcase name="testDeleteAllFieldsMatch()" classname="EmployerTest$EmployerORMLiteDaoTest" time="0.01"/>
  <testcase name="testReadMutipleEmployers()" classname="EmployerTest$EmployerORMLiteDaoTest" time="0.009"/>
  <testcase name="testUpdateSummary()" classname="EmployerTest$EmployerORMLiteDaoTest" time="0.011"/>
  <testcase name="testUpdateIDToInTable()" classname="EmployerTest$EmployerORMLiteDaoTest" time="0.042"/>
  <testcase name="testDeleteCollectionOfExistingEmployers()" classname="EmployerTest$EmployerORMLiteDaoTest" time="0.013"/>
  <testcase name="testUpdateName()" classname="EmployerTest$EmployerORMLiteDaoTest" time="0.011"/>
  <testcase name="testInsertEmployerWithSameSector()" classname="EmployerTest$EmployerORMLiteDaoTest" time="0.008"/>
  <testcase name="testDeleteCollectionOfNonExistentEmployers()" classname="EmployerTest$EmployerORMLiteDaoTest" time="0.015"/>
  <testcase name="testInsertEmployerWithEmptyName()" classname="EmployerTest$EmployerORMLiteDaoTest" time="0.008"/>
  <testcase name="testUpdateIDToNotInTable()" classname="EmployerTest$EmployerORMLiteDaoTest" time="0.009"/>
  <testcase name="testUpdateSector()" classname="EmployerTest$EmployerORMLiteDaoTest" time="0.006"/>
  <testcase name="testCreateSectorEmpty()" classname="EmployerTest$EmployerORMLiteDaoTest" time="0.004"/>
  <testcase name="testDeleteNonExistentIDDoesNothing()" classname="EmployerTest$EmployerORMLiteDaoTest" time="0.005"/>
  <testcase name="testInsertEmployersWithSameName()" classname="EmployerTest$EmployerORMLiteDaoTest" time="0.005"/>
  <testcase name="testCreateNameNull()" classname="EmployerTest$EmployerORMLiteDaoTest" time="0.003"/>
  <testcase name="testDeleteExistingID()" classname="EmployerTest$EmployerORMLiteDaoTest" time="0.008"/>
  <system-out><![CDATA[2021-09-28 23:28:30,580 [WARNING] ANDROID Unable to get new instance of class com.j256.ormlite.android.AndroidLogBackend$AndroidLogBackendFactory, so had to use local log: com.j256.ormlite.android.AndroidLogBackend$AndroidLogBackendFactory
2021-09-28 23:28:30,582 [WARNING] COMMONS_LOGGING Unable to get new instance of class com.j256.ormlite.logger.CommonsLoggingLogBackend$CommonsLoggingLogBackendFactory, so had to use local log: org/apache/commons/logging/LogFactory
2021-09-28 23:28:30,583 [WARNING] LOG4J2 Unable to get new instance of class com.j256.ormlite.logger.Log4j2LogBackend$Log4j2LogBackendFactory, so had to use local log: org/apache/logging/log4j/LogManager
2021-09-28 23:28:30,584 [WARNING] LOG4J Unable to get new instance of class com.j256.ormlite.logger.Log4jLogBackend$Log4jLogBackendFactory, so had to use local log: org/apache/log4j/Priority
]]></system-out>
  <system-err><![CDATA[[Test worker] INFO com.j256.ormlite.table.TableUtils - creating table 'employers'
[Test worker] INFO com.j256.ormlite.table.TableUtils - executed create table statement changed 0 rows: CREATE TABLE IF NOT EXISTS `employers` (`id` INTEGER PRIMARY KEY AUTOINCREMENT , `name` VARCHAR NOT NULL , `sector` VARCHAR NOT NULL , `summary` VARCHAR ,  UNIQUE (`name`)) 
[Test worker] INFO com.j256.ormlite.table.TableUtils - clearing table 'employers' with 'DELETE FROM `employers`
[Test worker] INFO com.j256.ormlite.table.TableUtils - clearing table 'employers' with 'DELETE FROM `employers`
[Test worker] INFO com.j256.ormlite.table.TableUtils - clearing table 'employers' with 'DELETE FROM `employers`
[Test worker] INFO com.j256.ormlite.table.TableUtils - clearing table 'employers' with 'DELETE FROM `employers`
[Test worker] INFO com.j256.ormlite.table.TableUtils - clearing table 'employers' with 'DELETE FROM `employers`
[Test worker] INFO com.j256.ormlite.table.TableUtils - clearing table 'employers' with 'DELETE FROM `employers`
[Test worker] INFO com.j256.ormlite.table.TableUtils - clearing table 'employers' with 'DELETE FROM `employers`
[Test worker] INFO com.j256.ormlite.table.TableUtils - clearing table 'employers' with 'DELETE FROM `employers`
[Test worker] INFO com.j256.ormlite.table.TableUtils - clearing table 'employers' with 'DELETE FROM `employers`
[Test worker] INFO com.j256.ormlite.table.TableUtils - clearing table 'employers' with 'DELETE FROM `employers`
[Test worker] INFO com.j256.ormlite.table.TableUtils - clearing table 'employers' with 'DELETE FROM `employers`
[Test worker] INFO com.j256.ormlite.table.TableUtils - clearing table 'employers' with 'DELETE FROM `employers`
[Test worker] INFO com.j256.ormlite.table.TableUtils - clearing table 'employers' with 'DELETE FROM `employers`
[Test worker] INFO com.j256.ormlite.table.TableUtils - clearing table 'employers' with 'DELETE FROM `employers`
[Test worker] INFO com.j256.ormlite.table.TableUtils - clearing table 'employers' with 'DELETE FROM `employers`
[Test worker] INFO com.j256.ormlite.table.TableUtils - clearing table 'employers' with 'DELETE FROM `employers`
[Test worker] INFO com.j256.ormlite.table.TableUtils - clearing table 'employers' with 'DELETE FROM `employers`
]]></system-err>
</testsuite>
